<?xml version="1.0" encoding="UTF-8"?>
<testng-results ignored="0" total="1" passed="1" failed="0" skipped="0">
  <reporter-output>
    <line>
      <![CDATA[createCustomer]]>
    </line>
  </reporter-output>
  <suite started-at="2024-04-07T11:25:55 IST" name="Suite" finished-at="2024-04-07T11:25:56 IST" duration-ms="78">
    <groups>
    </groups>
    <test started-at="2024-04-07T11:25:55 IST" name="Test" finished-at="2024-04-07T11:25:56 IST" duration-ms="78">
      <class name="com.arora.testscript.CustomerModule">
        <test-method signature="createCustomer()[pri:0, instance:com.arora.testscript.CustomerModule@36916eb0]" started-at="2024-04-07T11:25:56 IST" name="createCustomer" finished-at="2024-04-07T11:25:56 IST" duration-ms="18" status="PASS">
          <reporter-output>
            <line>
              <![CDATA[createCustomer]]>
            </line>
          </reporter-output>
        </test-method> <!-- createCustomer -->
      </class> <!-- com.arora.testscript.CustomerModule -->
    </test> <!-- Test -->
  </suite> <!-- Suite -->
</testng-results>
